make all --print-data-base --no-builtin-variables --no-builtin-rules --question
# GNU Make 4.1
# Built for x86_64-pc-linux-gnu
# Copyright (C) 1988-2014 Free Software Foundation, Inc.
# License GPLv3+: GNU GPL version 3 or later <http://gnu.org/licenses/gpl.html>
# This is free software: you are free to change and redistribute it.
# There is NO WARRANTY, to the extent permitted by law.

# Make data base, printed on Sun Aug 21 14:08:32 2022

# Variables

# automatic
<D = $(patsubst %/,%,$(dir $<))
# automatic
?F = $(notdir $?)
# default
.SHELLFLAGS := -c
# environment
VSCODE_AGENT_FOLDER = /home/book/.vscode-server
# makefile (from 'Makefile', line 27)
TARGET := test
# automatic
?D = $(patsubst %/,%,$(dir $?))
# makefile (from 'Makefile', line 31)
obj-y = main.o first/
# automatic
@D = $(patsubst %/,%,$(dir $@))
# automatic
@F = $(notdir $@)
# default
MAKE_VERSION := 4.1
# makefile
CURDIR := /home/book/imx6ull
# makefile
SHELL = /bin/sh
# makefile (from 'Makefile', line 8)
NM = $(CROSS_COMPILE)nm
# environment
VSCODE_NLS_CONFIG = {"locale":"en","availableLanguages":{}}
# environment
_ = /home/book/.vscode-server/bin/e4503b30fc78200f846c62cf8091b76ff5547662/node
# makefile (from 'Makefile', line 18)
CFLAGS := -Wall -O2 -g -I /home/book/imx6ull/include
# makefile (from 'Makefile', line 1)
MAKEFILE_LIST :=  Makefile
# 'override' directive
GNUMAKEFLAGS := 
# environment
XDG_DATA_DIRS = /usr/local/share:/usr/share:/var/lib/snapd/desktop
# environment
DBUS_SESSION_BUS_ADDRESS = unix:path=/run/user/1001/bus
# makefile (from 'Makefile', line 5)
CC = $(CROSS_COMPILE)gcc
# environment
LESSOPEN = | /usr/bin/lesspipe %s
# makefile (from 'Makefile', line 6)
CPP = $(CC) -E
# environment
VSCODE_CWD = /home/book
# environment
SSH_CONNECTION = 192.168.0.11 57756 192.168.0.8 22
# environment
PATH = /home/book/.vscode-server/bin/e4503b30fc78200f846c62cf8091b76ff5547662/bin/remote-cli:/usr/local/sbin:/usr/local/bin:/usr/sbin:/usr/bin:/sbin:/bin:/usr/games:/usr/local/games:/snap/bin:/home/book/100ask_imx6ull-sdk/ToolChain/arm-buildroot-linux-gnueabihf_sdk-buildroot/bin
# makefile (from 'Makefile', line 4)
LD = $(CROSS_COMPILE)ld
# environment
XDG_RUNTIME_DIR = /run/user/1001
# makefile (from 'Makefile', line 7)
AR = $(CROSS_COMPILE)ar
# environment
ELECTRON_RUN_AS_NODE = 1
# makefile (from 'Makefile', line 20)
LDFLAGS := 
# default
.FEATURES := target-specific order-only second-expansion else-if shortest-stem undefine oneshell archives jobserver output-sync check-symlink load
# environment
LS_COLORS = 
# automatic
%F = $(notdir $%)
# environment
PWD = /home/book/imx6ull
# environment
VSCODE_IPC_HOOK_CLI = /run/user/1001/vscode-ipc-c48f8856-4942-466f-b1c8-21490a64e1c2.sock
# automatic
*D = $(patsubst %/,%,$(dir $*))
# environment
VSCODE_AMD_ENTRYPOINT = vs/workbench/api/node/extensionHostProcess
# environment
HOME = /home/book
# environment
LESSCLOSE = /usr/bin/lesspipe %s %s
# environment
LOGNAME = book
# environment
APPLICATION_INSIGHTS_NO_DIAGNOSTIC_CHANNEL = true
# automatic
+F = $(notdir $+)
# environment
VSCODE_HANDLES_UNCAUGHT_ERRORS = true
# automatic
^D = $(patsubst %/,%,$(dir $^))
# environment
MAKELEVEL := 0
# default
MAKE = $(MAKE_COMMAND)
# default
MAKECMDGOALS := all
# environment
SHLVL = 3
# makefile (from 'Makefile', line 3)
AS = $(CROSS_COMPILE)as
# environment
XDG_SESSION_ID = 5
# environment
USER = book
# makefile
.DEFAULT_GOAL := all
# automatic
%D = $(patsubst %/,%,$(dir $%))
# default
MAKE_COMMAND := make
# environment
OLDPWD = /home/book/.vscode-server/bin/e4503b30fc78200f846c62cf8091b76ff5547662
# default
.VARIABLES := 
# makefile (from 'Makefile', line 24)
TOPDIR := /home/book/imx6ull
# automatic
*F = $(notdir $*)
# environment
ARCH = arm
# makefile
MAKEFLAGS = pqrR
# environment
MFLAGS = -pqrR
# environment
SSH_CLIENT = 192.168.0.11 57756 22
# environment
MAIL = /var/mail/book
# automatic
+D = $(patsubst %/,%,$(dir $+))
# makefile (from 'Makefile', line 12)
OBJDUMP = $(CROSS_COMPILE)objdump
# environment
BROWSER = /home/book/.vscode-server/bin/e4503b30fc78200f846c62cf8091b76ff5547662/bin/helpers/browser.sh
# makefile (from 'Makefile', line 10)
STRIP = $(CROSS_COMPILE)strip
# environment
VSCODE_HANDLES_SIGPIPE = true
# makefile (from 'Makefile', line 1)
CROSS_COMPILE = 
# default
MAKEFILES := 
# automatic
<F = $(notdir $<)
# environment
LC_ALL = C
# automatic
^F = $(notdir $^)
# makefile (from 'Makefile', line 11)
OBJCOPY = $(CROSS_COMPILE)objcopy
# default
SUFFIXES := 
# default
.INCLUDE_DIRS = /usr/include /usr/local/include /usr/include
# default
.RECIPEPREFIX := 
# default
MAKE_HOST := x86_64-pc-linux-gnu
# environment
LANG = C
# variable set hash-table stats:
# Load=80/1024=8%, Rehash=0, Collisions=12/135=9%

# Pattern-specific Variable Values

# No pattern-specific variable values.

# Directories

# . (device 2052, inode 2361780): 8 files, no impossibilities.

# 8 files, no impossibilities in 1 directories.

# Implicit Rules

# No implicit rules.

# Files

all: start_recursive_build test
#  Command line target.
#  Implicit rule search has not been done.
#  File does not exist.
#  File has been updated.
#  Needs to be updated (-q is set).
# variable set hash-table stats:
# Load=0/32=0%, Rehash=0, Collisions=0/4=0%
#  recipe to execute (from 'Makefile', line 35):
	@echo $(TARGET) has been built!

distclean:
#  Implicit rule search has not been done.
#  Modification time never checked.
#  File has not been updated.
#  recipe to execute (from 'Makefile', line 48):
	rm -f $(shell find -name "*.o")
	rm -f $(shell find -name "*.d")
	rm -f $(TARGET)
	

# Not a target:
.SUFFIXES:
#  Implicit rule search has not been done.
#  Modification time never checked.
#  File has not been updated.

# Not a target:
Makefile:
#  Implicit rule search has been done.
#  Last modified 2022-08-21 14:04:48.609997309
#  File has been updated.
#  Successfully updated.

test: built-in.o
#  Implicit rule search has not been done.
#  Modification time never checked.
#  File has not been updated.
#  recipe to execute (from 'Makefile', line 41):
	$(CC) -o $(TARGET) built-in.o $(LDFLAGS)

# Not a target:
.DEFAULT:
#  Implicit rule search has not been done.
#  Modification time never checked.
#  File has not been updated.

clean:
#  Implicit rule search has not been done.
#  Modification time never checked.
#  File has not been updated.
#  recipe to execute (from 'Makefile', line 44):
	rm -f $(shell find -name "*.o")
	rm -f $(TARGET)

start_recursive_build:
#  Implicit rule search has not been done.
#  Implicit/static pattern stem: ''
#  File does not exist.
#  File has been updated.
#  Needs to be updated (-q is set).
# automatic
# @ := start_recursive_build
# automatic
# % := 
# automatic
# * := 
# automatic
# + := 
# automatic
# | := 
# automatic
# < := 
# automatic
# ^ := 
# automatic
# ? := 
# variable set hash-table stats:
# Load=8/32=25%, Rehash=0, Collisions=2/12=17%
#  recipe to execute (from 'Makefile', line 38):
	make -C ./ -f $(TOPDIR)/Makefile.build

# Not a target:
built-in.o:
#  Implicit rule search has not been done.
#  Modification time never checked.
#  File has not been updated.

# files hash-table stats:
# Load=9/1024=1%, Rehash=0, Collisions=0/26=0%
# VPATH Search Paths
 

# No 'vpath' search paths.

# No general ('VPATH' variable) search path.

# strcache buffers: 1 (0) / strings = 18 / storage = 166 B / avg = 9 B
# current buf: size = 8162 B / used = 166 B / count = 18 / avg = 9 B

# strcache performance: lookups = 31 / hit rate = 41%
# hash-table stats:
# Load=18/8192=0%, Rehash=0, Collisions=1/31=3%
# Finished Make data base on Sun Aug 21 14:08:32 2022

 
